2020-01-07 16:03:01.248  INFO 34652 --- [main] com.fun.feifun.FeifunApplication         : Starting FeifunApplication on DESKTOP-6RIJR2O with PID 34652 (C:\development\github\feifun\target\classes started by wumin in C:\development\github\feifun)
2020-01-07 16:03:01.251 DEBUG 34652 --- [main] com.fun.feifun.FeifunApplication         : Running with Spring Boot v2.2.2.RELEASE, Spring v5.2.2.RELEASE
2020-01-07 16:03:01.251  INFO 34652 --- [main] com.fun.feifun.FeifunApplication         : No active profile set, falling back to default profiles: default
2020-01-07 16:03:02.200  INFO 34652 --- [main] trationDelegate$BeanPostProcessorChecker : Bean 'org.springframework.transaction.annotation.ProxyTransactionManagementConfiguration' of type [org.springframework.transaction.annotation.ProxyTransactionManagementConfiguration] is not eligible for getting processed by all BeanPostProcessors (for example: not eligible for auto-proxying)
2020-01-07 16:03:02.407  INFO 34652 --- [main] o.s.b.w.embedded.tomcat.TomcatWebServer  : Tomcat initialized with port(s): 8088 (http)
2020-01-07 16:03:02.414  INFO 34652 --- [main] o.apache.catalina.core.StandardService   : Starting service [Tomcat]
2020-01-07 16:03:02.415  INFO 34652 --- [main] org.apache.catalina.core.StandardEngine  : Starting Servlet engine: [Apache Tomcat/9.0.29]
2020-01-07 16:03:02.527  INFO 34652 --- [main] o.a.c.c.C.[Tomcat].[localhost].[/]       : Initializing Spring embedded WebApplicationContext
2020-01-07 16:03:02.527  INFO 34652 --- [main] o.s.web.context.ContextLoader            : Root WebApplicationContext: initialization completed in 1227 ms
2020-01-07 16:03:03.141  INFO 34652 --- [main] pertySourcedRequestMappingHandlerMapping : Mapped URL path [/v2/api-docs] onto method [springfox.documentation.swagger2.web.Swagger2Controller#getDocumentation(String, HttpServletRequest)]
2020-01-07 16:03:03.223  INFO 34652 --- [main] o.s.s.concurrent.ThreadPoolTaskExecutor  : Initializing ExecutorService 'applicationTaskExecutor'
2020-01-07 16:03:03.326  INFO 34652 --- [main] o.s.s.c.ThreadPoolTaskScheduler          : Initializing ExecutorService 'taskScheduler'
2020-01-07 16:03:03.356  INFO 34652 --- [main] d.s.w.p.DocumentationPluginsBootstrapper : Context refreshed
2020-01-07 16:03:03.369  INFO 34652 --- [main] d.s.w.p.DocumentationPluginsBootstrapper : Found 2 custom documentation plugin(s)
2020-01-07 16:03:03.394  INFO 34652 --- [main] s.d.s.w.s.ApiListingReferenceScanner     : Scanning for api listing references
2020-01-07 16:03:03.524  INFO 34652 --- [main] s.d.s.w.s.ApiListingReferenceScanner     : Scanning for api listing references
2020-01-07 16:03:03.550  INFO 34652 --- [main] o.s.b.w.embedded.tomcat.TomcatWebServer  : Tomcat started on port(s): 8088 (http) with context path ''
2020-01-07 16:03:03.553  INFO 34652 --- [main] com.fun.feifun.FeifunApplication         : Started FeifunApplication in 2.765 seconds (JVM running for 3.93)
2020-01-07 16:03:31.006  INFO 34652 --- [http-nio-8088-exec-1] o.a.c.c.C.[Tomcat].[localhost].[/]       : Initializing Spring DispatcherServlet 'dispatcherServlet'
2020-01-07 16:03:31.007  INFO 34652 --- [http-nio-8088-exec-1] o.s.web.servlet.DispatcherServlet        : Initializing Servlet 'dispatcherServlet'
2020-01-07 16:03:31.012  INFO 34652 --- [http-nio-8088-exec-1] o.s.web.servlet.DispatcherServlet        : Completed initialization in 5 ms
2020-01-07 16:03:31.079  INFO 34652 --- [http-nio-8088-exec-1] com.zaxxer.hikari.HikariDataSource       : HikariPool-1 - Starting...
2020-01-07 16:03:32.600  INFO 34652 --- [http-nio-8088-exec-1] com.zaxxer.hikari.HikariDataSource       : HikariPool-1 - Start completed.
2020-01-07 16:03:32.607 DEBUG 34652 --- [http-nio-8088-exec-1] c.f.f.m.b.dao.ArticleMapper.selectList   : ==>  Preparing: SELECT id,create_time,update_time,read_count,title,user_id,is_del,content,category_id FROM blog_article WHERE is_del=0 
2020-01-07 16:03:32.624 DEBUG 34652 --- [http-nio-8088-exec-1] c.f.f.m.b.dao.ArticleMapper.selectList   : ==> Parameters: 
2020-01-07 16:03:32.721 DEBUG 34652 --- [http-nio-8088-exec-1] c.f.f.m.b.dao.ArticleMapper.selectList   : <==      Total: 1
2020-01-07 16:04:38.455  INFO 37768 --- [main] com.fun.feifun.FeifunApplication         : Starting FeifunApplication on DESKTOP-6RIJR2O with PID 37768 (C:\development\github\feifun\target\classes started by wumin in C:\development\github\feifun)
2020-01-07 16:04:38.458 DEBUG 37768 --- [main] com.fun.feifun.FeifunApplication         : Running with Spring Boot v2.2.2.RELEASE, Spring v5.2.2.RELEASE
2020-01-07 16:04:38.459  INFO 37768 --- [main] com.fun.feifun.FeifunApplication         : No active profile set, falling back to default profiles: default
2020-01-07 16:04:39.513  INFO 37768 --- [main] trationDelegate$BeanPostProcessorChecker : Bean 'org.springframework.transaction.annotation.ProxyTransactionManagementConfiguration' of type [org.springframework.transaction.annotation.ProxyTransactionManagementConfiguration] is not eligible for getting processed by all BeanPostProcessors (for example: not eligible for auto-proxying)
2020-01-07 16:04:39.757  INFO 37768 --- [main] o.s.b.w.embedded.tomcat.TomcatWebServer  : Tomcat initialized with port(s): 8088 (http)
2020-01-07 16:04:39.767  INFO 37768 --- [main] o.apache.catalina.core.StandardService   : Starting service [Tomcat]
2020-01-07 16:04:39.768  INFO 37768 --- [main] org.apache.catalina.core.StandardEngine  : Starting Servlet engine: [Apache Tomcat/9.0.29]
2020-01-07 16:04:39.908  INFO 37768 --- [main] o.a.c.c.C.[Tomcat].[localhost].[/]       : Initializing Spring embedded WebApplicationContext
2020-01-07 16:04:39.908  INFO 37768 --- [main] o.s.web.context.ContextLoader            : Root WebApplicationContext: initialization completed in 1400 ms
2020-01-07 16:04:40.604  INFO 37768 --- [main] pertySourcedRequestMappingHandlerMapping : Mapped URL path [/v2/api-docs] onto method [springfox.documentation.swagger2.web.Swagger2Controller#getDocumentation(String, HttpServletRequest)]
2020-01-07 16:04:40.694  INFO 37768 --- [main] o.s.s.concurrent.ThreadPoolTaskExecutor  : Initializing ExecutorService 'applicationTaskExecutor'
2020-01-07 16:04:40.829  INFO 37768 --- [main] o.s.s.c.ThreadPoolTaskScheduler          : Initializing ExecutorService 'taskScheduler'
2020-01-07 16:04:40.868  INFO 37768 --- [main] d.s.w.p.DocumentationPluginsBootstrapper : Context refreshed
2020-01-07 16:04:40.885  INFO 37768 --- [main] d.s.w.p.DocumentationPluginsBootstrapper : Found 2 custom documentation plugin(s)
2020-01-07 16:04:40.921  INFO 37768 --- [main] s.d.s.w.s.ApiListingReferenceScanner     : Scanning for api listing references
2020-01-07 16:04:41.086  INFO 37768 --- [main] s.d.s.w.s.ApiListingReferenceScanner     : Scanning for api listing references
2020-01-07 16:04:41.121  INFO 37768 --- [main] o.s.b.w.embedded.tomcat.TomcatWebServer  : Tomcat started on port(s): 8088 (http) with context path ''
2020-01-07 16:04:41.125  INFO 37768 --- [main] com.fun.feifun.FeifunApplication         : Started FeifunApplication in 3.212 seconds (JVM running for 4.48)
2020-01-07 16:04:56.760  INFO 37768 --- [http-nio-8088-exec-1] o.a.c.c.C.[Tomcat].[localhost].[/]       : Initializing Spring DispatcherServlet 'dispatcherServlet'
2020-01-07 16:04:56.761  INFO 37768 --- [http-nio-8088-exec-1] o.s.web.servlet.DispatcherServlet        : Initializing Servlet 'dispatcherServlet'
2020-01-07 16:04:56.767  INFO 37768 --- [http-nio-8088-exec-1] o.s.web.servlet.DispatcherServlet        : Completed initialization in 6 ms
2020-01-07 16:04:56.849  INFO 37768 --- [http-nio-8088-exec-1] com.zaxxer.hikari.HikariDataSource       : HikariPool-1 - Starting...
2020-01-07 16:04:58.428  INFO 37768 --- [http-nio-8088-exec-1] com.zaxxer.hikari.HikariDataSource       : HikariPool-1 - Start completed.
2020-01-07 16:04:58.435 DEBUG 37768 --- [http-nio-8088-exec-1] c.f.f.m.b.dao.ArticleMapper.selectList   : ==>  Preparing: SELECT id,create_time,update_time,read_count,title,user_id,is_del,content,category_id FROM blog_article WHERE is_del=0 
2020-01-07 16:04:58.457 DEBUG 37768 --- [http-nio-8088-exec-1] c.f.f.m.b.dao.ArticleMapper.selectList   : ==> Parameters: 
2020-01-07 16:04:58.547 DEBUG 37768 --- [http-nio-8088-exec-1] c.f.f.m.b.dao.ArticleMapper.selectList   : <==      Total: 1
2020-01-07 16:05:01.258 DEBUG 37768 --- [http-nio-8088-exec-2] c.f.f.m.b.dao.ArticleMapper.selectList   : ==>  Preparing: SELECT id,create_time,update_time,read_count,title,user_id,is_del,content,category_id FROM blog_article WHERE is_del=0 
2020-01-07 16:05:01.260 DEBUG 37768 --- [http-nio-8088-exec-2] c.f.f.m.b.dao.ArticleMapper.selectList   : ==> Parameters: 
2020-01-07 16:05:01.326 DEBUG 37768 --- [http-nio-8088-exec-2] c.f.f.m.b.dao.ArticleMapper.selectList   : <==      Total: 1
2020-01-07 16:05:05.116 DEBUG 37768 --- [http-nio-8088-exec-3] c.f.f.m.b.dao.ArticleMapper.selectList   : ==>  Preparing: SELECT id,create_time,update_time,read_count,title,user_id,is_del,content,category_id FROM blog_article WHERE is_del=0 
2020-01-07 16:05:05.117 DEBUG 37768 --- [http-nio-8088-exec-3] c.f.f.m.b.dao.ArticleMapper.selectList   : ==> Parameters: 
2020-01-07 16:05:05.183 DEBUG 37768 --- [http-nio-8088-exec-3] c.f.f.m.b.dao.ArticleMapper.selectList   : <==      Total: 1
2020-01-07 16:07:00.311  INFO 37768 --- [SpringContextShutdownHook] o.s.s.c.ThreadPoolTaskScheduler          : Shutting down ExecutorService 'taskScheduler'
2020-01-07 16:07:00.313  INFO 37768 --- [SpringContextShutdownHook] o.s.s.concurrent.ThreadPoolTaskExecutor  : Shutting down ExecutorService 'applicationTaskExecutor'
2020-01-07 16:07:00.314  INFO 37768 --- [SpringContextShutdownHook] com.zaxxer.hikari.HikariDataSource       : HikariPool-1 - Shutdown initiated...
2020-01-07 16:07:00.319  INFO 37768 --- [SpringContextShutdownHook] com.zaxxer.hikari.HikariDataSource       : HikariPool-1 - Shutdown completed.
2020-01-07 16:07:04.416  INFO 38548 --- [main] com.fun.feifun.FeifunApplication         : Starting FeifunApplication on DESKTOP-6RIJR2O with PID 38548 (C:\development\github\feifun\target\classes started by wumin in C:\development\github\feifun)
2020-01-07 16:07:04.420 DEBUG 38548 --- [main] com.fun.feifun.FeifunApplication         : Running with Spring Boot v2.2.2.RELEASE, Spring v5.2.2.RELEASE
2020-01-07 16:07:04.420  INFO 38548 --- [main] com.fun.feifun.FeifunApplication         : No active profile set, falling back to default profiles: default
2020-01-07 16:07:05.583  INFO 38548 --- [main] trationDelegate$BeanPostProcessorChecker : Bean 'org.springframework.transaction.annotation.ProxyTransactionManagementConfiguration' of type [org.springframework.transaction.annotation.ProxyTransactionManagementConfiguration] is not eligible for getting processed by all BeanPostProcessors (for example: not eligible for auto-proxying)
2020-01-07 16:07:05.858  INFO 38548 --- [main] o.s.b.w.embedded.tomcat.TomcatWebServer  : Tomcat initialized with port(s): 8088 (http)
2020-01-07 16:07:05.866  INFO 38548 --- [main] o.apache.catalina.core.StandardService   : Starting service [Tomcat]
2020-01-07 16:07:05.866  INFO 38548 --- [main] org.apache.catalina.core.StandardEngine  : Starting Servlet engine: [Apache Tomcat/9.0.29]
2020-01-07 16:07:05.988  INFO 38548 --- [main] o.a.c.c.C.[Tomcat].[localhost].[/]       : Initializing Spring embedded WebApplicationContext
2020-01-07 16:07:05.989  INFO 38548 --- [main] o.s.web.context.ContextLoader            : Root WebApplicationContext: initialization completed in 1523 ms
2020-01-07 16:07:06.712  INFO 38548 --- [main] pertySourcedRequestMappingHandlerMapping : Mapped URL path [/v2/api-docs] onto method [springfox.documentation.swagger2.web.Swagger2Controller#getDocumentation(String, HttpServletRequest)]
2020-01-07 16:07:06.800  INFO 38548 --- [main] o.s.s.concurrent.ThreadPoolTaskExecutor  : Initializing ExecutorService 'applicationTaskExecutor'
2020-01-07 16:07:06.920  INFO 38548 --- [main] o.s.s.c.ThreadPoolTaskScheduler          : Initializing ExecutorService 'taskScheduler'
2020-01-07 16:07:06.953  INFO 38548 --- [main] d.s.w.p.DocumentationPluginsBootstrapper : Context refreshed
2020-01-07 16:07:06.969  INFO 38548 --- [main] d.s.w.p.DocumentationPluginsBootstrapper : Found 2 custom documentation plugin(s)
2020-01-07 16:07:07.000  INFO 38548 --- [main] s.d.s.w.s.ApiListingReferenceScanner     : Scanning for api listing references
2020-01-07 16:07:07.152  INFO 38548 --- [main] s.d.s.w.s.ApiListingReferenceScanner     : Scanning for api listing references
2020-01-07 16:07:07.186  INFO 38548 --- [main] o.s.b.w.embedded.tomcat.TomcatWebServer  : Tomcat started on port(s): 8088 (http) with context path ''
2020-01-07 16:07:07.190  INFO 38548 --- [main] com.fun.feifun.FeifunApplication         : Started FeifunApplication in 3.379 seconds (JVM running for 4.7)
2020-01-07 16:07:23.024  INFO 38548 --- [http-nio-8088-exec-2] o.a.c.c.C.[Tomcat].[localhost].[/]       : Initializing Spring DispatcherServlet 'dispatcherServlet'
2020-01-07 16:07:23.025  INFO 38548 --- [http-nio-8088-exec-2] o.s.web.servlet.DispatcherServlet        : Initializing Servlet 'dispatcherServlet'
2020-01-07 16:07:23.030  INFO 38548 --- [http-nio-8088-exec-2] o.s.web.servlet.DispatcherServlet        : Completed initialization in 5 ms
2020-01-07 16:07:23.092  INFO 38548 --- [http-nio-8088-exec-2] com.zaxxer.hikari.HikariDataSource       : HikariPool-1 - Starting...
2020-01-07 16:07:24.610  INFO 38548 --- [http-nio-8088-exec-2] com.zaxxer.hikari.HikariDataSource       : HikariPool-1 - Start completed.
2020-01-07 16:07:24.618 DEBUG 38548 --- [http-nio-8088-exec-2] c.f.f.m.b.d.A.deleteBatchIds             : ==>  Preparing: UPDATE blog_article SET is_del=1 WHERE id IN ( ? ) AND is_del=0 
2020-01-07 16:07:24.638 DEBUG 38548 --- [http-nio-8088-exec-2] c.f.f.m.b.d.A.deleteBatchIds             : ==> Parameters: 1(Long)
2020-01-07 16:07:24.772 DEBUG 38548 --- [http-nio-8088-exec-2] c.f.f.m.b.d.A.deleteBatchIds             : <==    Updates: 1
2020-01-07 16:07:28.817 DEBUG 38548 --- [http-nio-8088-exec-3] c.f.f.m.b.dao.ArticleMapper.selectList   : ==>  Preparing: SELECT id,create_time,update_time,read_count,title,user_id,is_del,content,category_id FROM blog_article WHERE is_del=0 
2020-01-07 16:07:28.818 DEBUG 38548 --- [http-nio-8088-exec-3] c.f.f.m.b.dao.ArticleMapper.selectList   : ==> Parameters: 
2020-01-07 16:07:28.901 DEBUG 38548 --- [http-nio-8088-exec-3] c.f.f.m.b.dao.ArticleMapper.selectList   : <==      Total: 0
2020-01-07 16:07:35.338 DEBUG 38548 --- [http-nio-8088-exec-1] c.f.f.m.blog.dao.ArticleMapper.insert    : ==>  Preparing: INSERT INTO blog_article ( read_count, title, user_id, is_del, content, category_id ) VALUES ( ?, ?, ?, ?, ?, ? ) 
2020-01-07 16:07:35.339 DEBUG 38548 --- [http-nio-8088-exec-1] c.f.f.m.blog.dao.ArticleMapper.insert    : ==> Parameters: 0(Integer), 123(String), 0(Integer), false(Boolean), 123(String), 0(Integer)
2020-01-07 16:07:35.466 DEBUG 38548 --- [http-nio-8088-exec-1] c.f.f.m.blog.dao.ArticleMapper.insert    : <==    Updates: 1
2020-01-07 16:07:41.623 DEBUG 38548 --- [http-nio-8088-exec-4] c.f.f.m.b.dao.ArticleMapper.selectList   : ==>  Preparing: SELECT id,create_time,update_time,read_count,title,user_id,is_del,content,category_id FROM blog_article WHERE is_del=0 
2020-01-07 16:07:41.624 DEBUG 38548 --- [http-nio-8088-exec-4] c.f.f.m.b.dao.ArticleMapper.selectList   : ==> Parameters: 
2020-01-07 16:07:41.692 DEBUG 38548 --- [http-nio-8088-exec-4] c.f.f.m.b.dao.ArticleMapper.selectList   : <==      Total: 1
2020-01-07 16:09:51.608  INFO 38548 --- [SpringContextShutdownHook] o.s.s.c.ThreadPoolTaskScheduler          : Shutting down ExecutorService 'taskScheduler'
2020-01-07 16:09:51.609  INFO 38548 --- [SpringContextShutdownHook] o.s.s.concurrent.ThreadPoolTaskExecutor  : Shutting down ExecutorService 'applicationTaskExecutor'
2020-01-07 16:09:51.611  INFO 38548 --- [SpringContextShutdownHook] com.zaxxer.hikari.HikariDataSource       : HikariPool-1 - Shutdown initiated...
2020-01-07 16:09:51.622  INFO 38548 --- [SpringContextShutdownHook] com.zaxxer.hikari.HikariDataSource       : HikariPool-1 - Shutdown completed.
2020-01-07 16:09:56.097  INFO 39168 --- [main] com.fun.feifun.FeifunApplication         : Starting FeifunApplication on DESKTOP-6RIJR2O with PID 39168 (C:\development\github\feifun\target\classes started by wumin in C:\development\github\feifun)
2020-01-07 16:09:56.099 DEBUG 39168 --- [main] com.fun.feifun.FeifunApplication         : Running with Spring Boot v2.2.2.RELEASE, Spring v5.2.2.RELEASE
2020-01-07 16:09:56.100  INFO 39168 --- [main] com.fun.feifun.FeifunApplication         : No active profile set, falling back to default profiles: default
2020-01-07 16:09:57.258  INFO 39168 --- [main] trationDelegate$BeanPostProcessorChecker : Bean 'org.springframework.transaction.annotation.ProxyTransactionManagementConfiguration' of type [org.springframework.transaction.annotation.ProxyTransactionManagementConfiguration] is not eligible for getting processed by all BeanPostProcessors (for example: not eligible for auto-proxying)
2020-01-07 16:09:57.505  INFO 39168 --- [main] o.s.b.w.embedded.tomcat.TomcatWebServer  : Tomcat initialized with port(s): 8088 (http)
2020-01-07 16:09:57.514  INFO 39168 --- [main] o.apache.catalina.core.StandardService   : Starting service [Tomcat]
2020-01-07 16:09:57.514  INFO 39168 --- [main] org.apache.catalina.core.StandardEngine  : Starting Servlet engine: [Apache Tomcat/9.0.29]
2020-01-07 16:09:57.652  INFO 39168 --- [main] o.a.c.c.C.[Tomcat].[localhost].[/]       : Initializing Spring embedded WebApplicationContext
2020-01-07 16:09:57.653  INFO 39168 --- [main] o.s.web.context.ContextLoader            : Root WebApplicationContext: initialization completed in 1505 ms
2020-01-07 16:09:58.409  INFO 39168 --- [main] pertySourcedRequestMappingHandlerMapping : Mapped URL path [/v2/api-docs] onto method [springfox.documentation.swagger2.web.Swagger2Controller#getDocumentation(String, HttpServletRequest)]
2020-01-07 16:09:58.507  INFO 39168 --- [main] o.s.s.concurrent.ThreadPoolTaskExecutor  : Initializing ExecutorService 'applicationTaskExecutor'
2020-01-07 16:09:58.640  INFO 39168 --- [main] o.s.s.c.ThreadPoolTaskScheduler          : Initializing ExecutorService 'taskScheduler'
2020-01-07 16:09:58.677  INFO 39168 --- [main] d.s.w.p.DocumentationPluginsBootstrapper : Context refreshed
2020-01-07 16:09:58.704  INFO 39168 --- [main] d.s.w.p.DocumentationPluginsBootstrapper : Found 2 custom documentation plugin(s)
2020-01-07 16:09:58.735  INFO 39168 --- [main] s.d.s.w.s.ApiListingReferenceScanner     : Scanning for api listing references
2020-01-07 16:09:58.969  INFO 39168 --- [main] s.d.s.w.s.ApiListingReferenceScanner     : Scanning for api listing references
2020-01-07 16:09:59.003  INFO 39168 --- [main] o.s.b.w.embedded.tomcat.TomcatWebServer  : Tomcat started on port(s): 8088 (http) with context path ''
2020-01-07 16:09:59.006  INFO 39168 --- [main] com.fun.feifun.FeifunApplication         : Started FeifunApplication in 3.517 seconds (JVM running for 4.895)
2020-01-07 16:10:02.141  INFO 39168 --- [http-nio-8088-exec-3] o.a.c.c.C.[Tomcat].[localhost].[/]       : Initializing Spring DispatcherServlet 'dispatcherServlet'
2020-01-07 16:10:02.141  INFO 39168 --- [http-nio-8088-exec-3] o.s.web.servlet.DispatcherServlet        : Initializing Servlet 'dispatcherServlet'
2020-01-07 16:10:02.149  INFO 39168 --- [http-nio-8088-exec-3] o.s.web.servlet.DispatcherServlet        : Completed initialization in 7 ms
2020-01-07 16:10:02.222  INFO 39168 --- [http-nio-8088-exec-3] com.zaxxer.hikari.HikariDataSource       : HikariPool-1 - Starting...
2020-01-07 16:10:03.752  INFO 39168 --- [http-nio-8088-exec-3] com.zaxxer.hikari.HikariDataSource       : HikariPool-1 - Start completed.
2020-01-07 16:10:03.760 DEBUG 39168 --- [http-nio-8088-exec-3] c.f.f.m.b.d.A.deleteBatchIds             : ==>  Preparing: UPDATE blog_article SET is_del=1 WHERE id IN ( ? ) AND is_del=0 
2020-01-07 16:10:03.781 DEBUG 39168 --- [http-nio-8088-exec-3] c.f.f.m.b.d.A.deleteBatchIds             : ==> Parameters: 2(Long)
2020-01-07 16:10:03.909 DEBUG 39168 --- [http-nio-8088-exec-3] c.f.f.m.b.d.A.deleteBatchIds             : <==    Updates: 1
2020-01-07 16:10:09.038 DEBUG 39168 --- [http-nio-8088-exec-1] c.f.f.m.b.dao.ArticleMapper.selectList   : ==>  Preparing: SELECT id,create_time,update_time,read_count,title,user_id,is_del,content,category_id FROM blog_article WHERE is_del=0 
2020-01-07 16:10:09.039 DEBUG 39168 --- [http-nio-8088-exec-1] c.f.f.m.b.dao.ArticleMapper.selectList   : ==> Parameters: 
2020-01-07 16:10:09.120 DEBUG 39168 --- [http-nio-8088-exec-1] c.f.f.m.b.dao.ArticleMapper.selectList   : <==      Total: 0
2020-01-07 16:10:12.042 DEBUG 39168 --- [http-nio-8088-exec-2] c.f.f.m.blog.dao.ArticleMapper.insert    : ==>  Preparing: INSERT INTO blog_article ( read_count, title, user_id, is_del, content, category_id ) VALUES ( ?, ?, ?, ?, ?, ? ) 
2020-01-07 16:10:12.043 DEBUG 39168 --- [http-nio-8088-exec-2] c.f.f.m.blog.dao.ArticleMapper.insert    : ==> Parameters: 0(Integer), 123(String), 0(Integer), false(Boolean), 123(String), 0(Integer)
2020-01-07 16:10:12.169 DEBUG 39168 --- [http-nio-8088-exec-2] c.f.f.m.blog.dao.ArticleMapper.insert    : <==    Updates: 1
2020-01-07 16:10:14.762 DEBUG 39168 --- [http-nio-8088-exec-4] c.f.f.m.b.dao.ArticleMapper.selectList   : ==>  Preparing: SELECT id,create_time,update_time,read_count,title,user_id,is_del,content,category_id FROM blog_article WHERE is_del=0 
2020-01-07 16:10:14.762 DEBUG 39168 --- [http-nio-8088-exec-4] c.f.f.m.b.dao.ArticleMapper.selectList   : ==> Parameters: 
2020-01-07 16:10:14.830 DEBUG 39168 --- [http-nio-8088-exec-4] c.f.f.m.b.dao.ArticleMapper.selectList   : <==      Total: 1
2020-01-07 16:15:07.964  INFO 39168 --- [SpringContextShutdownHook] o.s.s.c.ThreadPoolTaskScheduler          : Shutting down ExecutorService 'taskScheduler'
2020-01-07 16:15:07.965  INFO 39168 --- [SpringContextShutdownHook] o.s.s.concurrent.ThreadPoolTaskExecutor  : Shutting down ExecutorService 'applicationTaskExecutor'
2020-01-07 16:15:07.967  INFO 39168 --- [SpringContextShutdownHook] com.zaxxer.hikari.HikariDataSource       : HikariPool-1 - Shutdown initiated...
2020-01-07 16:15:07.979  INFO 39168 --- [SpringContextShutdownHook] com.zaxxer.hikari.HikariDataSource       : HikariPool-1 - Shutdown completed.
